<?xml version="1.0" encoding="UTF-8"?>
<testsuite name="org.aquapackrobotics.sw8s.comms.SerialCommunicationUtilityTest" tests="9" skipped="0" failures="0" errors="0" timestamp="2022-11-12T20:20:16" hostname="Petzold" time="0.004">
  <properties/>
  <testcase name="testCRC16" classname="org.aquapackrobotics.sw8s.comms.SerialCommunicationUtilityTest" time="0.001"/>
  <testcase name="testDestructModel" classname="org.aquapackrobotics.sw8s.comms.SerialCommunicationUtilityTest" time="0.002"/>
  <testcase name="testDestructZeros" classname="org.aquapackrobotics.sw8s.comms.SerialCommunicationUtilityTest" time="0.0"/>
  <testcase name="testDestructTINV" classname="org.aquapackrobotics.sw8s.comms.SerialCommunicationUtilityTest" time="0.0"/>
  <testcase name="testConstructTINV" classname="org.aquapackrobotics.sw8s.comms.SerialCommunicationUtilityTest" time="0.0"/>
  <testcase name="testMessageMarkers" classname="org.aquapackrobotics.sw8s.comms.SerialCommunicationUtilityTest" time="0.001"/>
  <testcase name="testConstructModel" classname="org.aquapackrobotics.sw8s.comms.SerialCommunicationUtilityTest" time="0.0"/>
  <testcase name="testConstructZeros" classname="org.aquapackrobotics.sw8s.comms.SerialCommunicationUtilityTest" time="0.0"/>
  <testcase name="testEncodingFloats" classname="org.aquapackrobotics.sw8s.comms.SerialCommunicationUtilityTest" time="0.0"/>
  <system-out><![CDATA[]]></system-out>
  <system-err><![CDATA[]]></system-err>
</testsuite>
