<?xml version="1.0" encoding="UTF-8"?>
<testsuite name="org.aquapackrobotics.sw8s.AppTest" tests="1" skipped="0" failures="0" errors="0" timestamp="2022-10-19T00:48:05" hostname="DESKTOP-4GQSR1K" time="0.002">
  <properties/>
  <testcase name="appHasAGreeting" classname="org.aquapackrobotics.sw8s.AppTest" time="0.002"/>
  <system-out><![CDATA[]]></system-out>
  <system-err><![CDATA[]]></system-err>
</testsuite>
